$ cargo test
   Compiling greeter v0.1.0 (file:///projects/greeter)
    Finished test [unoptimized + debuginfo] target(s) in 0.91s
     Running unittests src/lib.rs (target/debug/deps/greeter-170b942eb5bf5e3a)

running 1 test
test tests::salomlash ... FAILED

failures:

---- tests::salomlash stdout ----
thread 'tests::salomlash' panicked at 'assertion failed: result.contains(\"Azizbek\")', src/lib.rs:12:9
note: run with `RUST_BACKTRACE=1` environment variable to display a backtrace


failures:
    tests::salomlash

test result: FAILED. 0 passed; 1 failed; 0 ignored; 0 measured; 0 filtered out; finished in 0.00s

error: test failed, to rerun pass `--lib`