$ cargo test -- --show-output
   Compiling silly-function v0.1.0 (file:///projects/silly-function)
    Finished test [unoptimized + debuginfo] target(s) in 0.60s
     Running unittests src/lib.rs (target/debug/deps/silly_function-160869f38cff9166)

running 1 test
test tests::birinchi_natija ... FAILED

successes:

successes:

failures:

---- tests::birinchi_natija stdout ----
thread 'tests::birinchi_natija' panicked at 'assertion failed: `(left == right)`
  left: `["xavfsiz, tez, samarali."]`,
 right: `[]`', src/lib.rs:46:9
note: run with `RUST_BACKTRACE=1` environment variable to display a backtrace


failures:
    tests::birinchi_natija

test result: FAILED. 0 passed; 1 failed; 0 ignored; 0 measured; 0 filtered out; finished in 0.00s

error: test failed, to rerun pass `--lib`