$ cargo test
   Compiling guessing_game v0.1.0 (file:///projects/guessing_game)
    Finished test [unoptimized + debuginfo] target(s) in 0.66s
     Running unittests src/lib.rs (target/debug/deps/guessing_game-57d70c3acb738f4d)

running 1 test
test tests::_100_dan_ortiq - should panic ... FAILED

failures:

---- tests::_100_dan_ortiq stdout ----
thread 'tests::_100_dan_ortiq' panicked at 'Taxmin qilingan qiymat 1 dan katta yoki teng bo'lishi kerak, 200 qabul qilinmaydi.', src/lib.rs:13:13
note: run with `RUST_BACKTRACE=1` environment variable to display a backtrace
note: panic did not contain expected string
      panic message: `"Taxmin qilingan qiymat 1 dan katta yoki teng bo'lishi kerak, 200 qabul qilinmaydi."`,
 expected substring: `"100 dan kichik yoki teng"`

failures:
    tests::_100_dan_ortiq

test result: FAILED. 0 passed; 1 failed; 0 ignored; 0 measured; 0 filtered out; finished in 0.00s

error: test failed, to rerun pass `--lib`