$ cargo test
   Compiling qoshuvchi v0.1.0 (file:///projects/qoshuvchi)
    Finished test [unoptimized + debuginfo] target(s) in 0.61s
     Running unittests src/lib.rs (target/debug/deps/qoshuvchi-92948b65e88960b4)

running 1 test
test tests::ikkita_qosh ... FAILED

failures:

---- tests::ikkita_qosh stdout ----
thread 'tests::ikkita_qosh' panicked at 'assertion failed: `(left == right)`
  left: `4`,
 right: `5`', src/lib.rs:11:9
note: run with `RUST_BACKTRACE=1` environment variable to display a backtrace


failures:
    tests::ikkita_qosh

test result: FAILED. 0 passed; 1 failed; 0 ignored; 0 measured; 0 filtered out; finished in 0.00s

error: test failed, to rerun pass `--lib`