$ cargo test
   Compiling silly-function v0.1.0 (file:///projects/silly-function)
    Finished test [unoptimized + debuginfo] target(s) in 0.58s
     Running unittests src/lib.rs (target/debug/deps/silly_function-160869f38cff9166)

running 2 tests
test tests::test_muvaffaqiyatsiz ... FAILED
test tests::test_muvaffaqiyatli ... ok

failures:

---- tests::test_muvaffaqiyatsiz stdout ----
I got the value 8
thread 'tests::test_muvaffaqiyatsiz' panicked at 'assertion failed: `(left == right)`
  left: `5`,
 right: `10`', src/lib.rs:19:9
note: run with `RUST_BACKTRACE=1` environment variable to display a backtrace


failures:
    tests::test_muvaffaqiyatsiz

test result: FAILED. 1 passed; 1 failed; 0 ignored; 0 measured; 0 filtered out; finished in 0.00s

error: test failed, to rerun pass `--lib`